0 info it worked if it ends with ok
1 verbose cli [ '/usr/local/bin/iojs', '/usr/local/bin/npm', 'run', 'api' ]
2 info using npm@2.13.3
3 info using node@v3.0.0
4 verbose stack Error: Failed to parse json
4 verbose stack Unexpected token '<' at 3:1
4 verbose stack <<<<<<< HEAD
4 verbose stack ^
4 verbose stack     at parseError (/usr/local/lib/node_modules/npm/node_modules/read-package-json/read-json.js:379:11)
4 verbose stack     at parseJson (/usr/local/lib/node_modules/npm/node_modules/read-package-json/read-json.js:68:23)
4 verbose stack     at /usr/local/lib/node_modules/npm/node_modules/read-package-json/read-json.js:48:5
4 verbose stack     at FSReqWrap.readFileAfterClose [as oncomplete] (evalmachine.<anonymous>:380:3)
5 verbose cwd /Users/lukewestby/learning/jschi-react-demo
6 error Darwin 14.3.0
7 error argv "/usr/local/bin/iojs" "/usr/local/bin/npm" "run" "api"
8 error node v3.0.0
9 error npm  v2.13.3
10 error file /Users/lukewestby/learning/jschi-react-demo/package.json
11 error code EJSONPARSE
12 error Failed to parse json
12 error Unexpected token '<' at 3:1
12 error <<<<<<< HEAD
12 error ^
13 error File: /Users/lukewestby/learning/jschi-react-demo/package.json
14 error Failed to parse package.json data.
14 error package.json must be actual JSON, not just JavaScript.
14 error
14 error This is not a bug in npm.
14 error Tell the package author to fix their package.json file. JSON.parse
15 verbose exit [ 1, true ]
